Determining if the pthread_create exist failed with the following output:
Change Dir: /home/artemsomar/moveit_ws/build/catkin_tools_prebuild/CMakeFiles/CMakeTmp

Run Build Command:"/usr/bin/make" "cmTC_109ae/fast"
/usr/bin/make -f CMakeFiles/cmTC_109ae.dir/build.make CMakeFiles/cmTC_109ae.dir/build
make[1]: Entering directory '/home/artemsomar/moveit_ws/build/catkin_tools_prebuild/CMakeFiles/CMakeTmp'
Building C object CMakeFiles/cmTC_109ae.dir/CheckSymbolExists.c.o
/usr/bin/cc    -o CMakeFiles/cmTC_109ae.dir/CheckSymbolExists.c.o   -c /home/artemsomar/moveit_ws/build/catkin_tools_prebuild/CMakeFiles/CMakeTmp/CheckSymbolExists.c
Linking C executable cmTC_109ae
/usr/bin/cmake -E cmake_link_script CMakeFiles/cmTC_109ae.dir/link.txt --verbose=1
/usr/bin/cc      -rdynamic CMakeFiles/cmTC_109ae.dir/CheckSymbolExists.c.o  -o cmTC_109ae 
CMakeFiles/cmTC_109ae.dir/CheckSymbolExists.c.o: In function `main':
CheckSymbolExists.c:(.text+0x14): undefined reference to `pthread_create'
CheckSymbolExists.c:(.text+0x18): undefined reference to `pthread_create'
collect2: error: ld returned 1 exit status
CMakeFiles/cmTC_109ae.dir/build.make:97: recipe for target 'cmTC_109ae' failed
make[1]: *** [cmTC_109ae] Error 1
make[1]: Leaving directory '/home/artemsomar/moveit_ws/build/catkin_tools_prebuild/CMakeFiles/CMakeTmp'
Makefile:126: recipe for target 'cmTC_109ae/fast' failed
make: *** [cmTC_109ae/fast] Error 2

File /home/artemsomar/moveit_ws/build/catkin_tools_prebuild/CMakeFiles/CMakeTmp/CheckSymbolExists.c:
/* */
#include <pthread.h>

int main(int argc, char** argv)
{
  (void)argv;
#ifndef pthread_create
  return ((int*)(&pthread_create))[argc];
#else
  (void)argc;
  return 0;
#endif
}

Determining if the function pthread_create exists in the pthreads failed with the following output:
Change Dir: /home/artemsomar/moveit_ws/build/catkin_tools_prebuild/CMakeFiles/CMakeTmp

Run Build Command:"/usr/bin/make" "cmTC_68878/fast"
/usr/bin/make -f CMakeFiles/cmTC_68878.dir/build.make CMakeFiles/cmTC_68878.dir/build
make[1]: Entering directory '/home/artemsomar/moveit_ws/build/catkin_tools_prebuild/CMakeFiles/CMakeTmp'
Building C object CMakeFiles/cmTC_68878.dir/CheckFunctionExists.c.o
/usr/bin/cc   -DCHECK_FUNCTION_EXISTS=pthread_create   -o CMakeFiles/cmTC_68878.dir/CheckFunctionExists.c.o   -c /usr/share/cmake-3.10/Modules/CheckFunctionExists.c
Linking C executable cmTC_68878
/usr/bin/cmake -E cmake_link_script CMakeFiles/cmTC_68878.dir/link.txt --verbose=1
/usr/bin/cc  -DCHECK_FUNCTION_EXISTS=pthread_create    -rdynamic CMakeFiles/cmTC_68878.dir/CheckFunctionExists.c.o  -o cmTC_68878 -lpthreads 
/usr/bin/ld: cannot find -lpthreads
collect2: error: ld returned 1 exit status
CMakeFiles/cmTC_68878.dir/build.make:97: recipe for target 'cmTC_68878' failed
make[1]: *** [cmTC_68878] Error 1
make[1]: Leaving directory '/home/artemsomar/moveit_ws/build/catkin_tools_prebuild/CMakeFiles/CMakeTmp'
Makefile:126: recipe for target 'cmTC_68878/fast' failed
make: *** [cmTC_68878/fast] Error 2


