Determining if the pthread_create exist failed with the following output:
Change Dir: /home/artemsomar/moveit_ws/build/gazebo_ros_link_attacher/CMakeFiles/CMakeTmp

Run Build Command:"/usr/bin/make" "cmTC_31c6b/fast"
/usr/bin/make -f CMakeFiles/cmTC_31c6b.dir/build.make CMakeFiles/cmTC_31c6b.dir/build
make[1]: Entering directory '/home/artemsomar/moveit_ws/build/gazebo_ros_link_attacher/CMakeFiles/CMakeTmp'
Building C object CMakeFiles/cmTC_31c6b.dir/CheckSymbolExists.c.o
/usr/bin/cc    -o CMakeFiles/cmTC_31c6b.dir/CheckSymbolExists.c.o   -c /home/artemsomar/moveit_ws/build/gazebo_ros_link_attacher/CMakeFiles/CMakeTmp/CheckSymbolExists.c
Linking C executable cmTC_31c6b
/usr/bin/cmake -E cmake_link_script CMakeFiles/cmTC_31c6b.dir/link.txt --verbose=1
/usr/bin/cc      -rdynamic CMakeFiles/cmTC_31c6b.dir/CheckSymbolExists.c.o  -o cmTC_31c6b 
CMakeFiles/cmTC_31c6b.dir/CheckSymbolExists.c.o: In function `main':
CheckSymbolExists.c:(.text+0x14): undefined reference to `pthread_create'
CheckSymbolExists.c:(.text+0x18): undefined reference to `pthread_create'
collect2: error: ld returned 1 exit status
CMakeFiles/cmTC_31c6b.dir/build.make:97: recipe for target 'cmTC_31c6b' failed
make[1]: *** [cmTC_31c6b] Error 1
make[1]: Leaving directory '/home/artemsomar/moveit_ws/build/gazebo_ros_link_attacher/CMakeFiles/CMakeTmp'
Makefile:126: recipe for target 'cmTC_31c6b/fast' failed
make: *** [cmTC_31c6b/fast] Error 2

File /home/artemsomar/moveit_ws/build/gazebo_ros_link_attacher/CMakeFiles/CMakeTmp/CheckSymbolExists.c:
/* */
#include <pthread.h>

int main(int argc, char** argv)
{
  (void)argv;
#ifndef pthread_create
  return ((int*)(&pthread_create))[argc];
#else
  (void)argc;
  return 0;
#endif
}

Determining if the function pthread_create exists in the pthreads failed with the following output:
Change Dir: /home/artemsomar/moveit_ws/build/gazebo_ros_link_attacher/CMakeFiles/CMakeTmp

Run Build Command:"/usr/bin/make" "cmTC_277a4/fast"
/usr/bin/make -f CMakeFiles/cmTC_277a4.dir/build.make CMakeFiles/cmTC_277a4.dir/build
make[1]: Entering directory '/home/artemsomar/moveit_ws/build/gazebo_ros_link_attacher/CMakeFiles/CMakeTmp'
Building C object CMakeFiles/cmTC_277a4.dir/CheckFunctionExists.c.o
/usr/bin/cc   -DCHECK_FUNCTION_EXISTS=pthread_create   -o CMakeFiles/cmTC_277a4.dir/CheckFunctionExists.c.o   -c /usr/share/cmake-3.10/Modules/CheckFunctionExists.c
Linking C executable cmTC_277a4
/usr/bin/cmake -E cmake_link_script CMakeFiles/cmTC_277a4.dir/link.txt --verbose=1
/usr/bin/cc  -DCHECK_FUNCTION_EXISTS=pthread_create    -rdynamic CMakeFiles/cmTC_277a4.dir/CheckFunctionExists.c.o  -o cmTC_277a4 -lpthreads 
/usr/bin/ld: cannot find -lpthreads
collect2: error: ld returned 1 exit status
CMakeFiles/cmTC_277a4.dir/build.make:97: recipe for target 'cmTC_277a4' failed
make[1]: *** [cmTC_277a4] Error 1
make[1]: Leaving directory '/home/artemsomar/moveit_ws/build/gazebo_ros_link_attacher/CMakeFiles/CMakeTmp'
Makefile:126: recipe for target 'cmTC_277a4/fast' failed
make: *** [cmTC_277a4/fast] Error 2


